<?xml version="1.0" encoding="UTF-8"?>
<testng-results skipped="0" failed="0" ignored="0" total="1" passed="1">
  <reporter-output>
  </reporter-output>
  <suite name="Default suite" duration-ms="10526" started-at="2018-07-31T07:05:46Z" finished-at="2018-07-31T07:05:57Z">
    <groups>
    </groups>
    <test name="Default test" duration-ms="10526" started-at="2018-07-31T07:05:46Z" finished-at="2018-07-31T07:05:57Z">
      <class name="pack.Test_runner">
        <test-method status="PASS" signature="beforeTest()[pri:0, instance:pack.Test_runner@91161c7]" name="beforeTest" is-config="true" duration-ms="5872" started-at="2018-07-31T12:35:46Z" finished-at="2018-07-31T12:35:52Z">
          <reporter-output>
          </reporter-output>
        </test-method> <!-- beforeTest -->
        <test-method status="PASS" signature="f()[pri:0, instance:pack.Test_runner@91161c7]" name="f" duration-ms="1831" started-at="2018-07-31T12:35:52Z" finished-at="2018-07-31T12:35:54Z">
          <reporter-output>
          </reporter-output>
        </test-method> <!-- f -->
        <test-method status="PASS" signature="afterTest()[pri:0, instance:pack.Test_runner@91161c7]" name="afterTest" is-config="true" duration-ms="2797" started-at="2018-07-31T12:35:54Z" finished-at="2018-07-31T12:35:57Z">
          <reporter-output>
          </reporter-output>
        </test-method> <!-- afterTest -->
      </class> <!-- pack.Test_runner -->
    </test> <!-- Default test -->
  </suite> <!-- Default suite -->
</testng-results>
